[2017-11-17 16:22:24,462] INFO org.github.dragos.vscode.Main$ - Starting server in /Users/tomotaka_kato/workspace/practice/practice_scala
[2017-11-17 16:22:24,462] INFO org.github.dragos.vscode.Main$ - Starting server in /Users/tomotaka_kato/workspace/practice/practice_scala
[2017-11-17 16:22:24,471] INFO org.github.dragos.vscode.Main$ - Classpath: /Users/tomotaka_kato/.vscode/extensions/dragos.scala-lsp-0.2.2/coursier
[2017-11-17 16:22:24,471] INFO org.github.dragos.vscode.Main$ - Classpath: /Users/tomotaka_kato/.vscode/extensions/dragos.scala-lsp-0.2.2/coursier
[2017-11-17 16:22:24,602] DEBUG langserver.core.MessageReader - Received headers:
Content-Length: 1237
[2017-11-17 16:22:24,602] DEBUG langserver.core.MessageReader - Received headers:
Content-Length: 1237
[2017-11-17 16:22:24,620] DEBUG langserver.core.Connection - Received {"jsonrpc":"2.0","id":0,"method":"initialize","params":{"processId":95982,"rootPath":"/Users/tomotaka_kato/workspace/practice/practice_scala","rootUri":"file:///Users/tomotaka_kato/workspace/practice/practice_scala","capabilities":{"workspace":{"applyEdit":true,"didChangeConfiguration":{"dynamicRegistration":false},"didChangeWatchedFiles":{"dynamicRegistration":false},"symbol":{"dynamicRegistration":true},"executeCommand":{"dynamicRegistration":true}},"textDocument":{"synchronization":{"dynamicRegistration":true,"willSave":true,"willSaveWaitUntil":true,"didSave":true},"completion":{"dynamicRegistration":true,"completionItem":{"snippetSupport":true}},"hover":{"dynamicRegistration":true},"signatureHelp":{"dynamicRegistration":true},"references":{"dynamicRegistration":true},"documentHighlight":{"dynamicRegistration":true},"documentSymbol":{"dynamicRegistration":true},"formatting":{"dynamicRegistration":true},"rangeFormatting":{"dynamicRegistration":true},"onTypeFormatting":{"dynamicRegistration":true},"definition":{"dynamicRegistration":true},"codeAction":{"dynamicRegistration":true},"codeLens":{"dynamicRegistration":true},"documentLink":{"dynamicRegistration":true},"rename":{"dynamicRegistration":true}}},"trace":"off"}}
[2017-11-17 16:22:24,620] DEBUG langserver.core.Connection - Received {"jsonrpc":"2.0","id":0,"method":"initialize","params":{"processId":95982,"rootPath":"/Users/tomotaka_kato/workspace/practice/practice_scala","rootUri":"file:///Users/tomotaka_kato/workspace/practice/practice_scala","capabilities":{"workspace":{"applyEdit":true,"didChangeConfiguration":{"dynamicRegistration":false},"didChangeWatchedFiles":{"dynamicRegistration":false},"symbol":{"dynamicRegistration":true},"executeCommand":{"dynamicRegistration":true}},"textDocument":{"synchronization":{"dynamicRegistration":true,"willSave":true,"willSaveWaitUntil":true,"didSave":true},"completion":{"dynamicRegistration":true,"completionItem":{"snippetSupport":true}},"hover":{"dynamicRegistration":true},"signatureHelp":{"dynamicRegistration":true},"references":{"dynamicRegistration":true},"documentHighlight":{"dynamicRegistration":true},"documentSymbol":{"dynamicRegistration":true},"formatting":{"dynamicRegistration":true},"rangeFormatting":{"dynamicRegistration":true},"onTypeFormatting":{"dynamicRegistration":true},"definition":{"dynamicRegistration":true},"codeAction":{"dynamicRegistration":true},"codeLens":{"dynamicRegistration":true},"documentLink":{"dynamicRegistration":true},"rename":{"dynamicRegistration":true}}},"trace":"off"}}
[2017-11-17 16:22:25,032] INFO org.github.dragos.vscode.EnsimeLanguageServer - Initialized with 95982, /Users/tomotaka_kato/workspace/practice/practice_scala, ClientCapabilities()
[2017-11-17 16:22:25,032] INFO org.github.dragos.vscode.EnsimeLanguageServer - Initialized with 95982, /Users/tomotaka_kato/workspace/practice/practice_scala, ClientCapabilities()
[2017-11-17 16:22:25,034] DEBUG org.github.dragos.vscode.EnsimeLanguageServer - ensime.config = "/Users/tomotaka_kato/workspace/practice/practice_scala/.ensime" 
[2017-11-17 16:22:25,034] DEBUG org.github.dragos.vscode.EnsimeLanguageServer - ensime.config = "/Users/tomotaka_kato/workspace/practice/practice_scala/.ensime" 
[2017-11-17 16:22:25,630] INFO akka.event.slf4j.Slf4jLogger - Slf4jLogger started
[2017-11-17 16:22:26,344] INFO org.github.dragos.vscode.EnsimeLanguageServer - Using configuration: EnsimeConfig(RawFile(/Users/tomotaka_kato/workspace/practice/foo),RawFile(/Users/tomotaka_kato/workspace/practice/foo/.ensime_cache),RawFile(/Library/Java/JavaVirtualMachines/jdk1.8.0_121.jdk/Contents/Home),foo,2.12.3,List(-feature, -deprecation, -Xlint, -Ywarn-dead-code, -Ywarn-numeric-widen, -Xfuture, -Ymacro-expand:discard),List(RawFile(/Library/Java/JavaVirtualMachines/jdk1.8.0_121.jdk/Contents/Home/src.zip)),List(EnsimeProject(EnsimeProjectId(foo,compile),List(),Set(RawFile(/Users/tomotaka_kato/workspace/practice/foo/src/main/java), RawFile(/Users/tomotaka_kato/workspace/practice/foo/target/scala-2.12/src_managed/main), RawFile(/Users/tomotaka_kato/workspace/practice/foo/src/main/scala-2.12), RawFile(/Users/tomotaka_kato/workspace/practice/foo/src/main/scala)),Set(RawFile(/Users/tomotaka_kato/workspace/practice/foo/target/scala-2.12/classes)),List(-feature, -deprecation, -Xlint, -Ywarn-dead-code, -Ywarn-numeric-widen, -Xfuture, -Ymacro-expand:discard),List(),List(RawFile(/Users/tomotaka_kato/.sbt/boot/scala-2.12.3/lib/scala-library.jar)),List(RawFile(/Users/tomotaka_kato/.coursier/cache/v1/https/repo1.maven.org/maven2/org/scala-lang/scala-library/2.12.3/scala-library-2.12.3-sources.jar)),List(RawFile(/Users/tomotaka_kato/workspace/practice/foo/target/scala-2.12/foo_2.12-0.1-SNAPSHOT-javadoc.jar), RawFile(/Users/tomotaka_kato/.coursier/cache/v1/https/repo1.maven.org/maven2/org/scala-lang/scala-library/2.12.3/scala-library-2.12.3-javadoc.jar))), EnsimeProject(EnsimeProjectId(foo,test),List(EnsimeProjectId(foo,compile)),Set(RawFile(/Users/tomotaka_kato/workspace/practice/foo/src/test/java), RawFile(/Users/tomotaka_kato/workspace/practice/foo/src/test/scala-2.12), RawFile(/Users/tomotaka_kato/workspace/practice/foo/src/test/scala), RawFile(/Users/tomotaka_kato/workspace/practice/foo/target/scala-2.12/src_managed/test)),Set(RawFile(/Users/tomotaka_kato/workspace/practice/foo/target/scala-2.12/test-classes)),List(-feature, -deprecation, -Xlint, -Ywarn-dead-code, -Ywarn-numeric-widen, -Xfuture, -Ymacro-expand:discard),List(),List(),List(),List())))
[2017-11-17 16:22:26,344] INFO org.github.dragos.vscode.EnsimeLanguageServer - Using configuration: EnsimeConfig(RawFile(/Users/tomotaka_kato/workspace/practice/foo),RawFile(/Users/tomotaka_kato/workspace/practice/foo/.ensime_cache),RawFile(/Library/Java/JavaVirtualMachines/jdk1.8.0_121.jdk/Contents/Home),foo,2.12.3,List(-feature, -deprecation, -Xlint, -Ywarn-dead-code, -Ywarn-numeric-widen, -Xfuture, -Ymacro-expand:discard),List(RawFile(/Library/Java/JavaVirtualMachines/jdk1.8.0_121.jdk/Contents/Home/src.zip)),List(EnsimeProject(EnsimeProjectId(foo,compile),List(),Set(RawFile(/Users/tomotaka_kato/workspace/practice/foo/src/main/java), RawFile(/Users/tomotaka_kato/workspace/practice/foo/target/scala-2.12/src_managed/main), RawFile(/Users/tomotaka_kato/workspace/practice/foo/src/main/scala-2.12), RawFile(/Users/tomotaka_kato/workspace/practice/foo/src/main/scala)),Set(RawFile(/Users/tomotaka_kato/workspace/practice/foo/target/scala-2.12/classes)),List(-feature, -deprecation, -Xlint, -Ywarn-dead-code, -Ywarn-numeric-widen, -Xfuture, -Ymacro-expand:discard),List(),List(RawFile(/Users/tomotaka_kato/.sbt/boot/scala-2.12.3/lib/scala-library.jar)),List(RawFile(/Users/tomotaka_kato/.coursier/cache/v1/https/repo1.maven.org/maven2/org/scala-lang/scala-library/2.12.3/scala-library-2.12.3-sources.jar)),List(RawFile(/Users/tomotaka_kato/workspace/practice/foo/target/scala-2.12/foo_2.12-0.1-SNAPSHOT-javadoc.jar), RawFile(/Users/tomotaka_kato/.coursier/cache/v1/https/repo1.maven.org/maven2/org/scala-lang/scala-library/2.12.3/scala-library-2.12.3-javadoc.jar))), EnsimeProject(EnsimeProjectId(foo,test),List(EnsimeProjectId(foo,compile)),Set(RawFile(/Users/tomotaka_kato/workspace/practice/foo/src/test/java), RawFile(/Users/tomotaka_kato/workspace/practice/foo/src/test/scala-2.12), RawFile(/Users/tomotaka_kato/workspace/practice/foo/src/test/scala), RawFile(/Users/tomotaka_kato/workspace/practice/foo/target/scala-2.12/src_managed/test)),Set(RawFile(/Users/tomotaka_kato/workspace/practice/foo/target/scala-2.12/test-classes)),List(-feature, -deprecation, -Xlint, -Ywarn-dead-code, -Ywarn-numeric-widen, -Xfuture, -Ymacro-expand:discard),List(),List(),List(),List())))
[2017-11-17 16:22:26,355] INFO org.github.dragos.vscode.ensime.EnsimeActor - Starting problematic actor now
[2017-11-17 16:22:26,355] INFO org.github.dragos.vscode.ensime.EnsimeActor - Starting problematic actor now
[2017-11-17 16:22:26,358] INFO org.github.dragos.vscode.ensime.EnsimeActor - Created: Actor[akka://ENSIME/user/server/ensimeProject#1120543660]
[2017-11-17 16:22:26,358] INFO org.github.dragos.vscode.ensime.EnsimeActor - Created: Actor[akka://ENSIME/user/server/ensimeProject#1120543660]
[2017-11-17 16:22:26,375] DEBUG org.github.dragos.vscode.ensime.EnsimeProjectServer - Forwarding ConnectionInfoReq
[2017-11-17 16:22:26,375] DEBUG org.github.dragos.vscode.ensime.EnsimeProjectServer - Forwarding ConnectionInfoReq
[2017-11-17 16:22:26,391] INFO org.apache.commons.vfs2.impl.StandardFileSystemManager - Using "/var/folders/h5/m0yp7d6n75b_gk809wxryfsr0000gp/T/vfs_cache" as temporary files store.
[2017-11-17 16:22:26,552] DEBUG langserver.core.MessageWriter - Content-Length: 441



{"jsonrpc":"2.0","result":{"capabilities":{"textDocumentSync":1,"hoverProvider":true,"completionProvider":{"resolveProvider":false,"triggerCharacters":["."]},"definitionProvider":true,"referencesProvider":false,"documentHighlightProvider":false,"documentSymbolProvider":true,"workspaceSymbolProvider":false,"codeActionProvider":false,"documentFormattingProvider":false,"documentRangeFormattingProvider":false,"renameProvider":false}},"id":0}
[2017-11-17 16:22:26,552] DEBUG langserver.core.MessageWriter - Content-Length: 441



{"jsonrpc":"2.0","result":{"capabilities":{"textDocumentSync":1,"hoverProvider":true,"completionProvider":{"resolveProvider":false,"triggerCharacters":["."]},"definitionProvider":true,"referencesProvider":false,"documentHighlightProvider":false,"documentSymbolProvider":true,"workspaceSymbolProvider":false,"codeActionProvider":false,"documentFormattingProvider":false,"documentRangeFormattingProvider":false,"renameProvider":false}},"id":0}
[2017-11-17 16:22:26,552] DEBUG langserver.core.MessageWriter - payload: {"jsonrpc":"2.0","result":{"capabilities":{"textDocumentSync":1,"hoverProvider":true,"completionProvider":{"resolveProvider":false,"triggerCharacters":["."]},"definitionProvider":true,"referencesProvider":false,"documentHighlightProvider":false,"documentSymbolProvider":true,"workspaceSymbolProvider":false,"codeActionProvider":false,"documentFormattingProvider":false,"documentRangeFormattingProvider":false,"renameProvider":false}},"id":0}
[2017-11-17 16:22:26,552] DEBUG langserver.core.MessageWriter - payload: {"jsonrpc":"2.0","result":{"capabilities":{"textDocumentSync":1,"hoverProvider":true,"completionProvider":{"resolveProvider":false,"triggerCharacters":["."]},"definitionProvider":true,"referencesProvider":false,"documentHighlightProvider":false,"documentSymbolProvider":true,"workspaceSymbolProvider":false,"codeActionProvider":false,"documentFormattingProvider":false,"documentRangeFormattingProvider":false,"renameProvider":false}},"id":0}
[2017-11-17 16:22:26,557] DEBUG langserver.core.MessageReader - Received headers:
Content-Length: 52
[2017-11-17 16:22:26,557] DEBUG langserver.core.MessageReader - Received headers:
Content-Length: 52
[2017-11-17 16:22:26,558] DEBUG langserver.core.Connection - Received {"jsonrpc":"2.0","method":"initialized","params":{}}
[2017-11-17 16:22:26,558] DEBUG langserver.core.Connection - Received {"jsonrpc":"2.0","method":"initialized","params":{}}
[2017-11-17 16:22:26,652] ERROR org.github.dragos.vscode.EnsimeLanguageServer - Unknown notification Initialized()
[2017-11-17 16:22:26,652] ERROR org.github.dragos.vscode.EnsimeLanguageServer - Unknown notification Initialized()
[2017-11-17 16:22:26,652] DEBUG langserver.core.MessageReader - Received headers:
Content-Length: 2445
[2017-11-17 16:22:26,652] DEBUG langserver.core.MessageReader - Received headers:
Content-Length: 2445
[2017-11-17 16:22:26,654] DEBUG langserver.core.Connection - Received {"jsonrpc":"2.0","method":"textDocument/didOpen","params":{"textDocument":{"uri":"file:///Users/tomotaka_kato/workspace/practice/practice_scala/src/main/scala-2.12/OpenAddressingHash.scala","languageId":"scala","version":1,"text":"trait Node\ncase class Empty() extends Node\ncase class Data(id: Int, name: String) extends Node\n\nobject OpenAddressingHash {\n  def main(args: Array[String]): Unit = {\n    // 命令数の取得\n    val n = io.StdIn.readLine.toInt\n\n    // 命令の実行\n    val hashMap: Array[Node] = Array.fill(n)(new Empty())\n    val results =\n      (1 to n).toList\n        .foldLeft((hashMap, Nil: List[Option[String]]))((acc, _) => {\n          val operation = io.StdIn.readLine\n          val data = io.StdIn.readLine\n          val (m, r) = executeOperation(acc._1, operation, data)\n          (m, r :: acc._2)\n        })\n\n    results._2.foreach { println }\n  }\n\n  def executeOperation(hashMap: Array[Node],\n                       operation: String,\n                       data: String): (Array[Node], Option[String]) = {\n    operation match {\n      case \"add\"    => operationController(hashMap, data, add)\n      case \"delete\" => delete(hashMap)(data)\n      // case \"search\" => search(hashMap)(data)\n    }\n  }\n\n  def operationController(\n      hashMap: Array[Node],\n      data: String,\n      f: (Array[Node], Int, Data) => (Array[Node], Option[String]))\n    : (Array[Node], Option[String]) = {\n\n    def set(hashMap: Array[Node],\n            hash: Int,\n            data: Data): (Array[Node], Option[String]) = {\n      hashMap(hash) match {\n        case _: Empty => { f(hashMap, hash, data) }\n        case _: Data => {\n          set(hashMap, computeHash(hash + 1, hashMap.length), data)\n        }\n      }\n    }\n\n    val d = {\n      val a = data.split(' ')\n      Data(a(0).toInt, a(1))\n    }\n    set(hashMap, computeHash(d.id, hashMap.length), d)\n\n  }\n\n  def add(hashMap: Array[Node],\n          hash: Int,\n          data: Data): (Array[Node], Option[String]) = {\n    hashMap(hash) = data\n    (hashMap, None)\n  }\n\n  def delete(hashMap: Array[Node],\n             hash: Int,\n             data: Data): (Array[Node], Option[String]) = {\n    hashMap(hash) = new Empty\n    (hashMap, None)\n  }\n\n  def search(hashMap: Array[Node])(data: String): Option[String] = {\n    Some(\"search\")\n  }\n\n  def computeHash(key: Int, max: Int): Int = { key % max }\n\n}\n"}}}
[2017-11-17 16:22:26,654] DEBUG langserver.core.Connection - Received {"jsonrpc":"2.0","method":"textDocument/didOpen","params":{"textDocument":{"uri":"file:///Users/tomotaka_kato/workspace/practice/practice_scala/src/main/scala-2.12/OpenAddressingHash.scala","languageId":"scala","version":1,"text":"trait Node\ncase class Empty() extends Node\ncase class Data(id: Int, name: String) extends Node\n\nobject OpenAddressingHash {\n  def main(args: Array[String]): Unit = {\n    // 命令数の取得\n    val n = io.StdIn.readLine.toInt\n\n    // 命令の実行\n    val hashMap: Array[Node] = Array.fill(n)(new Empty())\n    val results =\n      (1 to n).toList\n        .foldLeft((hashMap, Nil: List[Option[String]]))((acc, _) => {\n          val operation = io.StdIn.readLine\n          val data = io.StdIn.readLine\n          val (m, r) = executeOperation(acc._1, operation, data)\n          (m, r :: acc._2)\n        })\n\n    results._2.foreach { println }\n  }\n\n  def executeOperation(hashMap: Array[Node],\n                       operation: String,\n                       data: String): (Array[Node], Option[String]) = {\n    operation match {\n      case \"add\"    => operationController(hashMap, data, add)\n      case \"delete\" => delete(hashMap)(data)\n      // case \"search\" => search(hashMap)(data)\n    }\n  }\n\n  def operationController(\n      hashMap: Array[Node],\n      data: String,\n      f: (Array[Node], Int, Data) => (Array[Node], Option[String]))\n    : (Array[Node], Option[String]) = {\n\n    def set(hashMap: Array[Node],\n            hash: Int,\n            data: Data): (Array[Node], Option[String]) = {\n      hashMap(hash) match {\n        case _: Empty => { f(hashMap, hash, data) }\n        case _: Data => {\n          set(hashMap, computeHash(hash + 1, hashMap.length), data)\n        }\n      }\n    }\n\n    val d = {\n      val a = data.split(' ')\n      Data(a(0).toInt, a(1))\n    }\n    set(hashMap, computeHash(d.id, hashMap.length), d)\n\n  }\n\n  def add(hashMap: Array[Node],\n          hash: Int,\n          data: Data): (Array[Node], Option[String]) = {\n    hashMap(hash) = data\n    (hashMap, None)\n  }\n\n  def delete(hashMap: Array[Node],\n             hash: Int,\n             data: Data): (Array[Node], Option[String]) = {\n    hashMap(hash) = new Empty\n    (hashMap, None)\n  }\n\n  def search(hashMap: Array[Node])(data: String): Option[String] = {\n    Some(\"search\")\n  }\n\n  def computeHash(key: Int, max: Int): Int = { key % max }\n\n}\n"}}}
[2017-11-17 16:22:26,667] DEBUG org.github.dragos.vscode.ensime.EnsimeProjectServer - Forwarding TypecheckFileReq(SourceFileInfo(RawFile(/Users/tomotaka_kato/workspace/practice/practice_scala/src/main/scala-2.12/OpenAddressingHash.scala),Some(...),None))
[2017-11-17 16:22:26,667] DEBUG org.github.dragos.vscode.ensime.EnsimeProjectServer - Forwarding TypecheckFileReq(SourceFileInfo(RawFile(/Users/tomotaka_kato/workspace/practice/practice_scala/src/main/scala-2.12/OpenAddressingHash.scala),Some(...),None))
[2017-11-17 16:22:28,733] INFO org.github.dragos.vscode.ensime.EnsimeProjectServer - Full typecheck complete event
[2017-11-17 16:22:28,733] INFO org.github.dragos.vscode.ensime.EnsimeProjectServer - Full typecheck complete event
[2017-11-17 16:22:28,737] INFO akka.actor.DeadLetterActorRef - Message [org.ensime.api.ConnectionInfo] from Actor[akka://ENSIME/user/server/ensimeProject/project#-716097482] to Actor[akka://ENSIME/deadLetters] was not delivered. [1] dead letters encountered. This logging can be turned off or adjusted with configuration settings 'akka.log-dead-letters' and 'akka.log-dead-letters-during-shutdown'.
[2017-11-17 16:22:28,741] INFO org.github.dragos.vscode.EnsimeLanguageServer - Received 0 notes.
[2017-11-17 16:22:28,741] INFO org.github.dragos.vscode.EnsimeLanguageServer - Received 0 notes.
[2017-11-17 16:22:28,756] DEBUG langserver.core.MessageWriter - Content-Length: 203



{"jsonrpc":"2.0","method":"textDocument/publishDiagnostics","params":{"uri":"file:///Users/tomotaka_kato/workspace/practice/practice_scala/src/main/scala-2.12/OpenAddressingHash.scala","diagnostics":[]}}
[2017-11-17 16:22:28,756] DEBUG langserver.core.MessageWriter - Content-Length: 203



{"jsonrpc":"2.0","method":"textDocument/publishDiagnostics","params":{"uri":"file:///Users/tomotaka_kato/workspace/practice/practice_scala/src/main/scala-2.12/OpenAddressingHash.scala","diagnostics":[]}}
[2017-11-17 16:22:28,756] DEBUG langserver.core.MessageWriter - payload: {"jsonrpc":"2.0","method":"textDocument/publishDiagnostics","params":{"uri":"file:///Users/tomotaka_kato/workspace/practice/practice_scala/src/main/scala-2.12/OpenAddressingHash.scala","diagnostics":[]}}
[2017-11-17 16:22:28,756] DEBUG langserver.core.MessageWriter - payload: {"jsonrpc":"2.0","method":"textDocument/publishDiagnostics","params":{"uri":"file:///Users/tomotaka_kato/workspace/practice/practice_scala/src/main/scala-2.12/OpenAddressingHash.scala","diagnostics":[]}}
[2017-11-17 16:22:28,758] INFO org.github.dragos.vscode.ensime.EnsimeProjectServer - Analyzer is ready!
[2017-11-17 16:22:28,758] INFO org.github.dragos.vscode.ensime.EnsimeProjectServer - Analyzer is ready!
[2017-11-17 16:22:31,818] DEBUG org.github.dragos.vscode.ensime.EnsimeProjectServer - Forwarding SendBackgroundMessageEvent(Initializing Analyzer. Please wait...,105)
[2017-11-17 16:22:31,818] DEBUG org.github.dragos.vscode.ensime.EnsimeProjectServer - Forwarding SendBackgroundMessageEvent(Initializing Analyzer. Please wait...,105)
[2017-11-17 16:22:32,074] INFO akka.actor.DeadLetterActorRef - Message [org.ensime.api.VoidResponse$] from Actor[akka://ENSIME/user/server/ensimeProject/project/scalac/$a#1084504090] to Actor[akka://ENSIME/deadLetters] was not delivered. [2] dead letters encountered. This logging can be turned off or adjusted with configuration settings 'akka.log-dead-letters' and 'akka.log-dead-letters-during-shutdown'.
[2017-11-17 16:22:34,701] DEBUG org.github.dragos.vscode.ensime.EnsimeProjectServer - Scala notes: Note(/Users/tomotaka_kato/workspace/practice/practice_scala/src/main/scala-2.12/OpenAddressingHash.scala,not enough arguments for method delete: (hashMap: Array[Node], hash: Int, data: Data)(Array[Node], Option[String]).
Unspecified value parameters hash, data.,NoteError,892,907,29,30)
[2017-11-17 16:22:34,701] DEBUG org.github.dragos.vscode.ensime.EnsimeProjectServer - Scala notes: Note(/Users/tomotaka_kato/workspace/practice/practice_scala/src/main/scala-2.12/OpenAddressingHash.scala,not enough arguments for method delete: (hashMap: Array[Node], hash: Int, data: Data)(Array[Node], Option[String]).
Unspecified value parameters hash, data.,NoteError,892,907,29,30)
[2017-11-17 16:22:34,702] INFO org.github.dragos.vscode.EnsimeLanguageServer - Received 1 notes.
[2017-11-17 16:22:34,702] INFO org.github.dragos.vscode.EnsimeLanguageServer - Received 1 notes.
[2017-11-17 16:22:34,706] DEBUG langserver.core.MessageWriter - Content-Length: 482



{"jsonrpc":"2.0","method":"textDocument/publishDiagnostics","params":{"uri":"file:///Users/tomotaka_kato/workspace/practice/practice_scala/src/main/scala-2.12/OpenAddressingHash.scala","diagnostics":[{"range":{"start":{"line":28,"character":29},"end":{"line":28,"character":44}},"severity":1,"source":"Scala","message":"not enough arguments for method delete: (hashMap: Array[Node], hash: Int, data: Data)(Array[Node], Option[String]).\nUnspecified value parameters hash, data."}]}}
[2017-11-17 16:22:34,706] DEBUG langserver.core.MessageWriter - Content-Length: 482



{"jsonrpc":"2.0","method":"textDocument/publishDiagnostics","params":{"uri":"file:///Users/tomotaka_kato/workspace/practice/practice_scala/src/main/scala-2.12/OpenAddressingHash.scala","diagnostics":[{"range":{"start":{"line":28,"character":29},"end":{"line":28,"character":44}},"severity":1,"source":"Scala","message":"not enough arguments for method delete: (hashMap: Array[Node], hash: Int, data: Data)(Array[Node], Option[String]).\nUnspecified value parameters hash, data."}]}}
[2017-11-17 16:22:34,706] DEBUG langserver.core.MessageWriter - payload: {"jsonrpc":"2.0","method":"textDocument/publishDiagnostics","params":{"uri":"file:///Users/tomotaka_kato/workspace/practice/practice_scala/src/main/scala-2.12/OpenAddressingHash.scala","diagnostics":[{"range":{"start":{"line":28,"character":29},"end":{"line":28,"character":44}},"severity":1,"source":"Scala","message":"not enough arguments for method delete: (hashMap: Array[Node], hash: Int, data: Data)(Array[Node], Option[String]).\nUnspecified value parameters hash, data."}]}}
[2017-11-17 16:22:34,706] DEBUG langserver.core.MessageWriter - payload: {"jsonrpc":"2.0","method":"textDocument/publishDiagnostics","params":{"uri":"file:///Users/tomotaka_kato/workspace/practice/practice_scala/src/main/scala-2.12/OpenAddressingHash.scala","diagnostics":[{"range":{"start":{"line":28,"character":29},"end":{"line":28,"character":44}},"severity":1,"source":"Scala","message":"not enough arguments for method delete: (hashMap: Array[Node], hash: Int, data: Data)(Array[Node], Option[String]).\nUnspecified value parameters hash, data."}]}}
[2017-11-17 16:22:35,036] INFO org.github.dragos.vscode.ensime.EnsimeProjectServer - Full typecheck complete event
[2017-11-17 16:22:35,036] INFO org.github.dragos.vscode.ensime.EnsimeProjectServer - Full typecheck complete event
[2017-11-17 16:22:35,036] INFO org.github.dragos.vscode.EnsimeLanguageServer - Received 1 notes.
[2017-11-17 16:22:35,036] INFO org.github.dragos.vscode.EnsimeLanguageServer - Received 1 notes.
[2017-11-17 16:22:35,037] DEBUG langserver.core.MessageWriter - Content-Length: 482



{"jsonrpc":"2.0","method":"textDocument/publishDiagnostics","params":{"uri":"file:///Users/tomotaka_kato/workspace/practice/practice_scala/src/main/scala-2.12/OpenAddressingHash.scala","diagnostics":[{"range":{"start":{"line":28,"character":29},"end":{"line":28,"character":44}},"severity":1,"source":"Scala","message":"not enough arguments for method delete: (hashMap: Array[Node], hash: Int, data: Data)(Array[Node], Option[String]).\nUnspecified value parameters hash, data."}]}}
[2017-11-17 16:22:35,037] DEBUG langserver.core.MessageWriter - Content-Length: 482



{"jsonrpc":"2.0","method":"textDocument/publishDiagnostics","params":{"uri":"file:///Users/tomotaka_kato/workspace/practice/practice_scala/src/main/scala-2.12/OpenAddressingHash.scala","diagnostics":[{"range":{"start":{"line":28,"character":29},"end":{"line":28,"character":44}},"severity":1,"source":"Scala","message":"not enough arguments for method delete: (hashMap: Array[Node], hash: Int, data: Data)(Array[Node], Option[String]).\nUnspecified value parameters hash, data."}]}}
[2017-11-17 16:22:35,037] DEBUG langserver.core.MessageWriter - payload: {"jsonrpc":"2.0","method":"textDocument/publishDiagnostics","params":{"uri":"file:///Users/tomotaka_kato/workspace/practice/practice_scala/src/main/scala-2.12/OpenAddressingHash.scala","diagnostics":[{"range":{"start":{"line":28,"character":29},"end":{"line":28,"character":44}},"severity":1,"source":"Scala","message":"not enough arguments for method delete: (hashMap: Array[Node], hash: Int, data: Data)(Array[Node], Option[String]).\nUnspecified value parameters hash, data."}]}}
[2017-11-17 16:22:35,037] DEBUG langserver.core.MessageWriter - payload: {"jsonrpc":"2.0","method":"textDocument/publishDiagnostics","params":{"uri":"file:///Users/tomotaka_kato/workspace/practice/practice_scala/src/main/scala-2.12/OpenAddressingHash.scala","diagnostics":[{"range":{"start":{"line":28,"character":29},"end":{"line":28,"character":44}},"severity":1,"source":"Scala","message":"not enough arguments for method delete: (hashMap: Array[Node], hash: Int, data: Data)(Array[Node], Option[String]).\nUnspecified value parameters hash, data."}]}}
[2017-11-17 16:22:43,866] DEBUG langserver.core.MessageReader - Received headers:
Content-Length: 235
[2017-11-17 16:22:43,866] DEBUG langserver.core.MessageReader - Received headers:
Content-Length: 235
[2017-11-17 16:22:43,869] DEBUG langserver.core.Connection - Received {"jsonrpc":"2.0","id":1,"method":"textDocument/hover","params":{"textDocument":{"uri":"file:///Users/tomotaka_kato/workspace/practice/practice_scala/src/main/scala-2.12/OpenAddressingHash.scala"},"position":{"line":29,"character":43}}}
[2017-11-17 16:22:43,869] DEBUG langserver.core.Connection - Received {"jsonrpc":"2.0","id":1,"method":"textDocument/hover","params":{"textDocument":{"uri":"file:///Users/tomotaka_kato/workspace/practice/practice_scala/src/main/scala-2.12/OpenAddressingHash.scala"},"position":{"line":29,"character":43}}}
[2017-11-17 16:22:43,873] DEBUG langserver.core.MessageReader - Received headers:
Content-Length: 62
[2017-11-17 16:22:43,873] DEBUG langserver.core.MessageReader - Received headers:
Content-Length: 62
[2017-11-17 16:22:43,874] DEBUG langserver.core.Connection - Received {"jsonrpc":"2.0","method":"$/cancelRequest","params":{"id":1}}
[2017-11-17 16:22:43,874] DEBUG langserver.core.Connection - Received {"jsonrpc":"2.0","method":"$/cancelRequest","params":{"id":1}}
[2017-11-17 16:22:43,874] INFO org.github.dragos.vscode.EnsimeLanguageServer - Got hover request at (29, 43).
[2017-11-17 16:22:43,874] INFO org.github.dragos.vscode.EnsimeLanguageServer - Got hover request at (29, 43).
[2017-11-17 16:22:43,883] ERROR org.github.dragos.vscode.EnsimeLanguageServer - Unknown notification CancelRequest(1)
[2017-11-17 16:22:43,883] ERROR org.github.dragos.vscode.EnsimeLanguageServer - Unknown notification CancelRequest(1)
[2017-11-17 16:22:43,895] DEBUG org.github.dragos.vscode.ensime.EnsimeProjectServer - Forwarding DocUriAtPointReq(Right(SourceFileInfo(RawFile(/Users/tomotaka_kato/workspace/practice/practice_scala/src/main/scala-2.12/OpenAddressingHash.scala),Some(...),None)),OffsetRange(957,957))
[2017-11-17 16:22:43,895] DEBUG org.github.dragos.vscode.ensime.EnsimeProjectServer - Forwarding DocUriAtPointReq(Right(SourceFileInfo(RawFile(/Users/tomotaka_kato/workspace/practice/practice_scala/src/main/scala-2.12/OpenAddressingHash.scala),Some(...),None)),OffsetRange(957,957))
[2017-11-17 16:22:43,947] WARN org.ensime.core.RichPresentationCompiler - No definition found. Please report to https://github.com/ensime/ensime-server/issues/492 what you expected for class scala.reflect.internal.Trees$Match: Match(Ident(TermName("operation")), List(CaseDef(Literal(Constant("add")), EmptyTree, Apply(Select(This(TypeName("OpenAddressingHash")), TermName("operationController")), List(Ident(TermName("hashMap")), Ident(TermName("data")), Block(List(), Function(List(ValDef(Modifiers(PARAM | SYNTHETIC), TermName("hashMap"), TypeTree(), EmptyTree), ValDef(Modifiers(PARAM | SYNTHETIC), TermName("hash"), TypeTree(), EmptyTree), ValDef(Modifiers(PARAM | SYNTHETIC), TermName("data"), TypeTree(), EmptyTree)), Apply(Select(This(TypeName("OpenAddressingHash")), TermName("add")), List(Ident(TermName("hashMap")), Ident(TermName("hash")), Ident(TermName("data"))))))))), CaseDef(Literal(Constant("delete")), EmptyTree, Apply(Apply(Ident(TermName("delete")), List(Ident(TermName("hashMap")))), List(Ident(TermName("data")))))))
[2017-11-17 16:22:43,972] DEBUG org.github.dragos.vscode.EnsimeLanguageServer - DocUriAtPointReq future completed: succes? true
[2017-11-17 16:22:43,972] DEBUG org.github.dragos.vscode.EnsimeLanguageServer - DocUriAtPointReq future completed: succes? true
[2017-11-17 16:22:43,973] INFO org.github.dragos.vscode.EnsimeLanguageServer - Retrieved signature  from @sigPair
[2017-11-17 16:22:43,973] INFO org.github.dragos.vscode.EnsimeLanguageServer - Retrieved signature  from @sigPair
[2017-11-17 16:22:43,982] DEBUG langserver.core.MessageWriter - Content-Length: 158



{"jsonrpc":"2.0","result":{"contents":[{"language":"scala","value":""}],"range":{"start":{"line":29,"character":43},"end":{"line":29,"character":43}}},"id":1}
[2017-11-17 16:22:43,982] DEBUG langserver.core.MessageWriter - Content-Length: 158



{"jsonrpc":"2.0","result":{"contents":[{"language":"scala","value":""}],"range":{"start":{"line":29,"character":43},"end":{"line":29,"character":43}}},"id":1}
[2017-11-17 16:22:43,982] DEBUG langserver.core.MessageWriter - payload: {"jsonrpc":"2.0","result":{"contents":[{"language":"scala","value":""}],"range":{"start":{"line":29,"character":43},"end":{"line":29,"character":43}}},"id":1}
[2017-11-17 16:22:43,982] DEBUG langserver.core.MessageWriter - payload: {"jsonrpc":"2.0","result":{"contents":[{"language":"scala","value":""}],"range":{"start":{"line":29,"character":43},"end":{"line":29,"character":43}}},"id":1}
[2017-11-17 16:22:44,063] DEBUG langserver.core.MessageReader - Received headers:
Content-Length: 234
[2017-11-17 16:22:44,063] DEBUG langserver.core.MessageReader - Received headers:
Content-Length: 234
[2017-11-17 16:22:44,063] DEBUG langserver.core.Connection - Received {"jsonrpc":"2.0","id":2,"method":"textDocument/hover","params":{"textDocument":{"uri":"file:///Users/tomotaka_kato/workspace/practice/practice_scala/src/main/scala-2.12/OpenAddressingHash.scala"},"position":{"line":28,"character":8}}}
[2017-11-17 16:22:44,063] DEBUG langserver.core.Connection - Received {"jsonrpc":"2.0","id":2,"method":"textDocument/hover","params":{"textDocument":{"uri":"file:///Users/tomotaka_kato/workspace/practice/practice_scala/src/main/scala-2.12/OpenAddressingHash.scala"},"position":{"line":28,"character":8}}}
[2017-11-17 16:22:44,065] INFO org.github.dragos.vscode.EnsimeLanguageServer - Got hover request at (28, 8).
[2017-11-17 16:22:44,065] INFO org.github.dragos.vscode.EnsimeLanguageServer - Got hover request at (28, 8).
[2017-11-17 16:22:44,065] DEBUG org.github.dragos.vscode.ensime.EnsimeProjectServer - Forwarding DocUriAtPointReq(Right(SourceFileInfo(RawFile(/Users/tomotaka_kato/workspace/practice/practice_scala/src/main/scala-2.12/OpenAddressingHash.scala),Some(...),None)),OffsetRange(877,877))
[2017-11-17 16:22:44,065] DEBUG org.github.dragos.vscode.ensime.EnsimeProjectServer - Forwarding DocUriAtPointReq(Right(SourceFileInfo(RawFile(/Users/tomotaka_kato/workspace/practice/practice_scala/src/main/scala-2.12/OpenAddressingHash.scala),Some(...),None)),OffsetRange(877,877))
[2017-11-17 16:22:44,074] WARN org.ensime.core.RichPresentationCompiler - No definition found. Please report to https://github.com/ensime/ensime-server/issues/492 what you expected for class scala.reflect.internal.Trees$Match: Match(Ident(TermName("operation")), List(CaseDef(Literal(Constant("add")), EmptyTree, Apply(Select(This(TypeName("OpenAddressingHash")), TermName("operationController")), List(Ident(TermName("hashMap")), Ident(TermName("data")), Block(List(), Function(List(ValDef(Modifiers(PARAM | SYNTHETIC), TermName("hashMap"), TypeTree(), EmptyTree), ValDef(Modifiers(PARAM | SYNTHETIC), TermName("hash"), TypeTree(), EmptyTree), ValDef(Modifiers(PARAM | SYNTHETIC), TermName("data"), TypeTree(), EmptyTree)), Apply(Select(This(TypeName("OpenAddressingHash")), TermName("add")), List(Ident(TermName("hashMap")), Ident(TermName("hash")), Ident(TermName("data"))))))))), CaseDef(Literal(Constant("delete")), EmptyTree, Apply(Apply(Ident(TermName("delete")), List(Ident(TermName("hashMap")))), List(Ident(TermName("data")))))))
[2017-11-17 16:22:44,075] INFO org.github.dragos.vscode.EnsimeLanguageServer - Retrieved signature  from @sigPair
[2017-11-17 16:22:44,075] DEBUG org.github.dragos.vscode.EnsimeLanguageServer - DocUriAtPointReq future completed: succes? true
[2017-11-17 16:22:44,075] INFO org.github.dragos.vscode.EnsimeLanguageServer - Retrieved signature  from @sigPair
[2017-11-17 16:22:44,075] DEBUG org.github.dragos.vscode.EnsimeLanguageServer - DocUriAtPointReq future completed: succes? true
[2017-11-17 16:22:44,076] DEBUG langserver.core.MessageWriter - Content-Length: 156



{"jsonrpc":"2.0","result":{"contents":[{"language":"scala","value":""}],"range":{"start":{"line":28,"character":8},"end":{"line":28,"character":8}}},"id":2}
[2017-11-17 16:22:44,076] DEBUG langserver.core.MessageWriter - Content-Length: 156



{"jsonrpc":"2.0","result":{"contents":[{"language":"scala","value":""}],"range":{"start":{"line":28,"character":8},"end":{"line":28,"character":8}}},"id":2}
[2017-11-17 16:22:44,076] DEBUG langserver.core.MessageWriter - payload: {"jsonrpc":"2.0","result":{"contents":[{"language":"scala","value":""}],"range":{"start":{"line":28,"character":8},"end":{"line":28,"character":8}}},"id":2}
[2017-11-17 16:22:44,076] DEBUG langserver.core.MessageWriter - payload: {"jsonrpc":"2.0","result":{"contents":[{"language":"scala","value":""}],"range":{"start":{"line":28,"character":8},"end":{"line":28,"character":8}}},"id":2}
[2017-11-17 16:22:46,164] DEBUG langserver.core.MessageReader - Received headers:
Content-Length: 2450
[2017-11-17 16:22:46,164] DEBUG langserver.core.MessageReader - Received headers:
Content-Length: 2450
[2017-11-17 16:22:46,166] DEBUG langserver.core.Connection - Received {"jsonrpc":"2.0","method":"textDocument/didChange","params":{"textDocument":{"uri":"file:///Users/tomotaka_kato/workspace/practice/practice_scala/src/main/scala-2.12/OpenAddressingHash.scala","version":4},"contentChanges":[{"text":"trait Node\ncase class Empty() extends Node\ncase class Data(id: Int, name: String) extends Node\n\nobject OpenAddressingHash {\n  def main(args: Array[String]): Unit = {\n    // 命令数の取得\n    val n = io.StdIn.readLine.toInt\n\n    // 命令の実行\n    val hashMap: Array[Node] = Array.fill(n)(new Empty())\n    val results =\n      (1 to n).toList\n        .foldLeft((hashMap, Nil: List[Option[String]]))((acc, _) => {\n          val operation = io.StdIn.readLine\n          val data = io.StdIn.readLine\n          val (m, r) = executeOperation(acc._1, operation, data)\n          (m, r :: acc._2)\n        })\n\n    results._2.foreach { println }\n  }\n\n  def executeOperation(hashMap: Array[Node],\n                       operation: String,\n                       data: String): (Array[Node], Option[String]) = {\n    operation match {\n      case \"add\"    => operationController(hashMap, data, add)\n      // case \"delete\" => delete(hashMap)(data)\n      // case \"search\" => search(hashMap)(data)\n    }\n  }\n\n  def operationController(\n      hashMap: Array[Node],\n      data: String,\n      f: (Array[Node], Int, Data) => (Array[Node], Option[String]))\n    : (Array[Node], Option[String]) = {\n\n    def set(hashMap: Array[Node],\n            hash: Int,\n            data: Data): (Array[Node], Option[String]) = {\n      hashMap(hash) match {\n        case _: Empty => { f(hashMap, hash, data) }\n        case _: Data => {\n          set(hashMap, computeHash(hash + 1, hashMap.length), data)\n        }\n      }\n    }\n\n    val d = {\n      val a = data.split(' ')\n      Data(a(0).toInt, a(1))\n    }\n    set(hashMap, computeHash(d.id, hashMap.length), d)\n\n  }\n\n  def add(hashMap: Array[Node],\n          hash: Int,\n          data: Data): (Array[Node], Option[String]) = {\n    hashMap(hash) = data\n    (hashMap, None)\n  }\n\n  def delete(hashMap: Array[Node],\n             hash: Int,\n             data: Data): (Array[Node], Option[String]) = {\n    hashMap(hash) = new Empty\n    (hashMap, None)\n  }\n\n  def search(hashMap: Array[Node])(data: String): Option[String] = {\n    Some(\"search\")\n  }\n\n  def computeHash(key: Int, max: Int): Int = { key % max }\n\n}\n"}]}}
[2017-11-17 16:22:46,166] DEBUG langserver.core.Connection - Received {"jsonrpc":"2.0","method":"textDocument/didChange","params":{"textDocument":{"uri":"file:///Users/tomotaka_kato/workspace/practice/practice_scala/src/main/scala-2.12/OpenAddressingHash.scala","version":4},"contentChanges":[{"text":"trait Node\ncase class Empty() extends Node\ncase class Data(id: Int, name: String) extends Node\n\nobject OpenAddressingHash {\n  def main(args: Array[String]): Unit = {\n    // 命令数の取得\n    val n = io.StdIn.readLine.toInt\n\n    // 命令の実行\n    val hashMap: Array[Node] = Array.fill(n)(new Empty())\n    val results =\n      (1 to n).toList\n        .foldLeft((hashMap, Nil: List[Option[String]]))((acc, _) => {\n          val operation = io.StdIn.readLine\n          val data = io.StdIn.readLine\n          val (m, r) = executeOperation(acc._1, operation, data)\n          (m, r :: acc._2)\n        })\n\n    results._2.foreach { println }\n  }\n\n  def executeOperation(hashMap: Array[Node],\n                       operation: String,\n                       data: String): (Array[Node], Option[String]) = {\n    operation match {\n      case \"add\"    => operationController(hashMap, data, add)\n      // case \"delete\" => delete(hashMap)(data)\n      // case \"search\" => search(hashMap)(data)\n    }\n  }\n\n  def operationController(\n      hashMap: Array[Node],\n      data: String,\n      f: (Array[Node], Int, Data) => (Array[Node], Option[String]))\n    : (Array[Node], Option[String]) = {\n\n    def set(hashMap: Array[Node],\n            hash: Int,\n            data: Data): (Array[Node], Option[String]) = {\n      hashMap(hash) match {\n        case _: Empty => { f(hashMap, hash, data) }\n        case _: Data => {\n          set(hashMap, computeHash(hash + 1, hashMap.length), data)\n        }\n      }\n    }\n\n    val d = {\n      val a = data.split(' ')\n      Data(a(0).toInt, a(1))\n    }\n    set(hashMap, computeHash(d.id, hashMap.length), d)\n\n  }\n\n  def add(hashMap: Array[Node],\n          hash: Int,\n          data: Data): (Array[Node], Option[String]) = {\n    hashMap(hash) = data\n    (hashMap, None)\n  }\n\n  def delete(hashMap: Array[Node],\n             hash: Int,\n             data: Data): (Array[Node], Option[String]) = {\n    hashMap(hash) = new Empty\n    (hashMap, None)\n  }\n\n  def search(hashMap: Array[Node])(data: String): Option[String] = {\n    Some(\"search\")\n  }\n\n  def computeHash(key: Int, max: Int): Int = { key % max }\n\n}\n"}]}}
[2017-11-17 16:22:46,175] DEBUG org.github.dragos.vscode.ensime.EnsimeProjectServer - Forwarding TypecheckFileReq(SourceFileInfo(RawFile(/Users/tomotaka_kato/workspace/practice/practice_scala/src/main/scala-2.12/OpenAddressingHash.scala),Some(...),None))
[2017-11-17 16:22:46,175] DEBUG org.github.dragos.vscode.ensime.EnsimeProjectServer - Forwarding TypecheckFileReq(SourceFileInfo(RawFile(/Users/tomotaka_kato/workspace/practice/practice_scala/src/main/scala-2.12/OpenAddressingHash.scala),Some(...),None))
[2017-11-17 16:22:46,190] INFO akka.actor.DeadLetterActorRef - Message [org.ensime.api.VoidResponse$] from Actor[akka://ENSIME/user/server/ensimeProject/project/scalac/$a#1084504090] to Actor[akka://ENSIME/deadLetters] was not delivered. [3] dead letters encountered. This logging can be turned off or adjusted with configuration settings 'akka.log-dead-letters' and 'akka.log-dead-letters-during-shutdown'.
[2017-11-17 16:22:46,762] INFO org.github.dragos.vscode.ensime.EnsimeProjectServer - Full typecheck complete event
[2017-11-17 16:22:46,762] INFO org.github.dragos.vscode.ensime.EnsimeProjectServer - Full typecheck complete event
[2017-11-17 16:22:46,763] INFO org.github.dragos.vscode.EnsimeLanguageServer - Received 0 notes.
[2017-11-17 16:22:46,763] INFO org.github.dragos.vscode.EnsimeLanguageServer - Received 0 notes.
[2017-11-17 16:22:46,763] DEBUG langserver.core.MessageWriter - Content-Length: 203



{"jsonrpc":"2.0","method":"textDocument/publishDiagnostics","params":{"uri":"file:///Users/tomotaka_kato/workspace/practice/practice_scala/src/main/scala-2.12/OpenAddressingHash.scala","diagnostics":[]}}
[2017-11-17 16:22:46,763] DEBUG langserver.core.MessageWriter - Content-Length: 203



{"jsonrpc":"2.0","method":"textDocument/publishDiagnostics","params":{"uri":"file:///Users/tomotaka_kato/workspace/practice/practice_scala/src/main/scala-2.12/OpenAddressingHash.scala","diagnostics":[]}}
[2017-11-17 16:22:46,763] DEBUG langserver.core.MessageWriter - payload: {"jsonrpc":"2.0","method":"textDocument/publishDiagnostics","params":{"uri":"file:///Users/tomotaka_kato/workspace/practice/practice_scala/src/main/scala-2.12/OpenAddressingHash.scala","diagnostics":[]}}
[2017-11-17 16:22:46,763] DEBUG langserver.core.MessageWriter - payload: {"jsonrpc":"2.0","method":"textDocument/publishDiagnostics","params":{"uri":"file:///Users/tomotaka_kato/workspace/practice/practice_scala/src/main/scala-2.12/OpenAddressingHash.scala","diagnostics":[]}}
[2017-11-17 16:22:58,617] DEBUG langserver.core.MessageReader - Received headers:
Content-Length: 2450
[2017-11-17 16:22:58,617] DEBUG langserver.core.MessageReader - Received headers:
Content-Length: 2450
[2017-11-17 16:22:58,623] DEBUG langserver.core.Connection - Received {"jsonrpc":"2.0","method":"textDocument/didChange","params":{"textDocument":{"uri":"file:///Users/tomotaka_kato/workspace/practice/practice_scala/src/main/scala-2.12/OpenAddressingHash.scala","version":4},"contentChanges":[{"text":"trait Node\ncase class Empty() extends Node\ncase class Data(id: Int, name: String) extends Node\n\nobject OpenAddressingHash {\n  def main(args: Array[String]): Unit = {\n    // 命令数の取得\n    val n = io.StdIn.readLine.toInt\n\n    // 命令の実行\n    val hashMap: Array[Node] = Array.fill(n)(new Empty())\n    val results =\n      (1 to n).toList\n        .foldLeft((hashMap, Nil: List[Option[String]]))((acc, _) => {\n          val operation = io.StdIn.readLine\n          val data = io.StdIn.readLine\n          val (m, r) = executeOperation(acc._1, operation, data)\n          (m, r :: acc._2)\n        })\n\n    results._2.foreach { println }\n  }\n\n  def executeOperation(hashMap: Array[Node],\n                       operation: String,\n                       data: String): (Array[Node], Option[String]) = {\n    operation match {\n      case \"add\"    => operationController(hashMap, data, add)\n      // case \"delete\" => delete(hashMap)(data)\n      // case \"search\" => search(hashMap)(data)\n    }\n  }\n\n  def operationController(\n      hashMap: Array[Node],\n      data: String,\n      f: (Array[Node], Int, Data) => (Array[Node], Option[String]))\n    : (Array[Node], Option[String]) = {\n\n    def set(hashMap: Array[Node],\n            hash: Int,\n            data: Data): (Array[Node], Option[String]) = {\n      hashMap(hash) match {\n        case _: Empty => { f(hashMap, hash, data) }\n        case _: Data => {\n          set(hashMap, computeHash(hash + 1, hashMap.length), data)\n        }\n      }\n    }\n\n    val d = {\n      val a = data.split(' ')\n      Data(a(0).toInt, a(1))\n    }\n    set(hashMap, computeHash(d.id, hashMap.length), d)\n\n  }\n\n  def add(hashMap: Array[Node],\n          hash: Int,\n          data: Data): (Array[Node], Option[String]) = {\n    hashMap(hash) = data\n    (hashMap, None)\n  }\n\n  def delete(hashMap: Array[Node],\n             hash: Int,\n             data: Data): (Array[Node], Option[String]) = {\n    hashMap(hash) = new Empty\n    (hashMap, None)\n  }\n\n  def search(hashMap: Array[Node])(data: String): Option[String] = {\n    Some(\"search\")\n  }\n\n  def computeHash(key: Int, max: Int): Int = { key % max }\n\n}\n"}]}}
[2017-11-17 16:22:58,623] DEBUG langserver.core.Connection - Received {"jsonrpc":"2.0","method":"textDocument/didChange","params":{"textDocument":{"uri":"file:///Users/tomotaka_kato/workspace/practice/practice_scala/src/main/scala-2.12/OpenAddressingHash.scala","version":4},"contentChanges":[{"text":"trait Node\ncase class Empty() extends Node\ncase class Data(id: Int, name: String) extends Node\n\nobject OpenAddressingHash {\n  def main(args: Array[String]): Unit = {\n    // 命令数の取得\n    val n = io.StdIn.readLine.toInt\n\n    // 命令の実行\n    val hashMap: Array[Node] = Array.fill(n)(new Empty())\n    val results =\n      (1 to n).toList\n        .foldLeft((hashMap, Nil: List[Option[String]]))((acc, _) => {\n          val operation = io.StdIn.readLine\n          val data = io.StdIn.readLine\n          val (m, r) = executeOperation(acc._1, operation, data)\n          (m, r :: acc._2)\n        })\n\n    results._2.foreach { println }\n  }\n\n  def executeOperation(hashMap: Array[Node],\n                       operation: String,\n                       data: String): (Array[Node], Option[String]) = {\n    operation match {\n      case \"add\"    => operationController(hashMap, data, add)\n      // case \"delete\" => delete(hashMap)(data)\n      // case \"search\" => search(hashMap)(data)\n    }\n  }\n\n  def operationController(\n      hashMap: Array[Node],\n      data: String,\n      f: (Array[Node], Int, Data) => (Array[Node], Option[String]))\n    : (Array[Node], Option[String]) = {\n\n    def set(hashMap: Array[Node],\n            hash: Int,\n            data: Data): (Array[Node], Option[String]) = {\n      hashMap(hash) match {\n        case _: Empty => { f(hashMap, hash, data) }\n        case _: Data => {\n          set(hashMap, computeHash(hash + 1, hashMap.length), data)\n        }\n      }\n    }\n\n    val d = {\n      val a = data.split(' ')\n      Data(a(0).toInt, a(1))\n    }\n    set(hashMap, computeHash(d.id, hashMap.length), d)\n\n  }\n\n  def add(hashMap: Array[Node],\n          hash: Int,\n          data: Data): (Array[Node], Option[String]) = {\n    hashMap(hash) = data\n    (hashMap, None)\n  }\n\n  def delete(hashMap: Array[Node],\n             hash: Int,\n             data: Data): (Array[Node], Option[String]) = {\n    hashMap(hash) = new Empty\n    (hashMap, None)\n  }\n\n  def search(hashMap: Array[Node])(data: String): Option[String] = {\n    Some(\"search\")\n  }\n\n  def computeHash(key: Int, max: Int): Int = { key % max }\n\n}\n"}]}}
[2017-11-17 16:22:58,625] DEBUG langserver.core.MessageReader - Received headers:
Content-Length: 204
[2017-11-17 16:22:58,625] DEBUG langserver.core.MessageReader - Received headers:
Content-Length: 204
[2017-11-17 16:22:58,625] DEBUG langserver.core.Connection - Received {"jsonrpc":"2.0","method":"textDocument/didSave","params":{"textDocument":{"uri":"file:///Users/tomotaka_kato/workspace/practice/practice_scala/src/main/scala-2.12/OpenAddressingHash.scala","version":4}}}
[2017-11-17 16:22:58,625] DEBUG langserver.core.Connection - Received {"jsonrpc":"2.0","method":"textDocument/didSave","params":{"textDocument":{"uri":"file:///Users/tomotaka_kato/workspace/practice/practice_scala/src/main/scala-2.12/OpenAddressingHash.scala","version":4}}}
[2017-11-17 16:22:58,627] DEBUG org.github.dragos.vscode.EnsimeLanguageServer - saveTextDocuemnt TextDocumentIdentifier(file:///Users/tomotaka_kato/workspace/practice/practice_scala/src/main/scala-2.12/OpenAddressingHash.scala)
[2017-11-17 16:22:58,627] DEBUG org.github.dragos.vscode.EnsimeLanguageServer - saveTextDocuemnt TextDocumentIdentifier(file:///Users/tomotaka_kato/workspace/practice/practice_scala/src/main/scala-2.12/OpenAddressingHash.scala)
[2017-11-17 16:22:58,632] DEBUG org.github.dragos.vscode.ensime.EnsimeProjectServer - Forwarding TypecheckFileReq(SourceFileInfo(RawFile(/Users/tomotaka_kato/workspace/practice/practice_scala/src/main/scala-2.12/OpenAddressingHash.scala),Some(...),None))
[2017-11-17 16:22:58,632] DEBUG org.github.dragos.vscode.ensime.EnsimeProjectServer - Forwarding TypecheckFileReq(SourceFileInfo(RawFile(/Users/tomotaka_kato/workspace/practice/practice_scala/src/main/scala-2.12/OpenAddressingHash.scala),Some(...),None))
[2017-11-17 16:22:58,669] INFO akka.actor.DeadLetterActorRef - Message [org.ensime.api.VoidResponse$] from Actor[akka://ENSIME/user/server/ensimeProject/project/scalac/$a#1084504090] to Actor[akka://ENSIME/deadLetters] was not delivered. [4] dead letters encountered. This logging can be turned off or adjusted with configuration settings 'akka.log-dead-letters' and 'akka.log-dead-letters-during-shutdown'.
[2017-11-17 16:23:04,731] INFO org.github.dragos.vscode.ensime.EnsimeProjectServer - Full typecheck complete event
[2017-11-17 16:23:04,731] INFO org.github.dragos.vscode.ensime.EnsimeProjectServer - Full typecheck complete event
[2017-11-17 16:23:04,731] INFO org.github.dragos.vscode.EnsimeLanguageServer - Received 0 notes.
[2017-11-17 16:23:04,731] INFO org.github.dragos.vscode.EnsimeLanguageServer - Received 0 notes.
[2017-11-17 16:23:04,732] DEBUG langserver.core.MessageWriter - Content-Length: 203



{"jsonrpc":"2.0","method":"textDocument/publishDiagnostics","params":{"uri":"file:///Users/tomotaka_kato/workspace/practice/practice_scala/src/main/scala-2.12/OpenAddressingHash.scala","diagnostics":[]}}
[2017-11-17 16:23:04,732] DEBUG langserver.core.MessageWriter - Content-Length: 203



{"jsonrpc":"2.0","method":"textDocument/publishDiagnostics","params":{"uri":"file:///Users/tomotaka_kato/workspace/practice/practice_scala/src/main/scala-2.12/OpenAddressingHash.scala","diagnostics":[]}}
[2017-11-17 16:23:04,732] DEBUG langserver.core.MessageWriter - payload: {"jsonrpc":"2.0","method":"textDocument/publishDiagnostics","params":{"uri":"file:///Users/tomotaka_kato/workspace/practice/practice_scala/src/main/scala-2.12/OpenAddressingHash.scala","diagnostics":[]}}
[2017-11-17 16:23:04,732] DEBUG langserver.core.MessageWriter - payload: {"jsonrpc":"2.0","method":"textDocument/publishDiagnostics","params":{"uri":"file:///Users/tomotaka_kato/workspace/practice/practice_scala/src/main/scala-2.12/OpenAddressingHash.scala","diagnostics":[]}}
[2017-11-17 16:23:47,270] INFO org.ensime.util.Debouncer$ - Debouncer action project -> project invoked after maxDelay 20 seconds surpassed (1 calls)
[2017-11-17 16:23:47,270] INFO org.ensime.util.Debouncer$ - Debouncer action project -> project invoked after maxDelay 20 seconds surpassed (1 calls)
[2017-11-17 16:23:47,276] INFO org.github.dragos.vscode.ensime.EnsimeProjectServer - Analyzer is ready!
[2017-11-17 16:23:47,276] INFO org.github.dragos.vscode.ensime.EnsimeProjectServer - Analyzer is ready!
[2017-11-17 16:23:47,289] INFO org.github.dragos.vscode.ensime.EnsimeProjectServer - Analyzer is ready!
[2017-11-17 16:23:47,289] INFO org.github.dragos.vscode.ensime.EnsimeProjectServer - Analyzer is ready!
