Nov 17, 2017 4:22:28 PM com.orientechnologies.common.log.OLogManager log
INFO: OrientDB auto-config DISKCACHE=683MB (heap=683MB direct=683MB os=8,192MB), assuming maximum direct memory size equals to maximum JVM heap size
Nov 17, 2017 4:22:28 PM com.orientechnologies.common.log.OLogManager log
WARNING: MaxDirectMemorySize JVM option is not set or has invalid value, that may cause out of memory errors. Please set the -XX:MaxDirectMemorySize=8192m option when you start the JVM.
Nov 17, 2017 4:22:28 PM com.orientechnologies.common.log.OLogManager log
WARNING: $ANSI{green {db=graph-2.0.4}} Storage 'graph-2.0.4' was not closed properly. Will try to recover from write ahead log
Nov 17, 2017 4:22:28 PM com.orientechnologies.common.log.OLogManager log
INFO: $ANSI{green {db=graph-2.0.4}} Looking for last checkpoint...
Nov 17, 2017 4:22:28 PM com.orientechnologies.common.log.OLogManager log
INFO: $ANSI{green {db=graph-2.0.4}} Found FUZZY checkpoint.
Nov 17, 2017 4:22:28 PM com.orientechnologies.common.log.OLogManager log
INFO: $ANSI{green {db=graph-2.0.4}} Data restore procedure from FUZZY checkpoint is started.
Nov 17, 2017 4:22:28 PM com.orientechnologies.common.log.OLogManager log
WARNING: $ANSI{green {db=graph-2.0.4}} Record com.orientechnologies.orient.core.storage.impl.local.paginated.wal.OFuzzyCheckpointEndRecord{lsn=LSN{segment=0, position=40327938}} will be skipped during data restore
Nov 17, 2017 4:22:28 PM com.orientechnologies.common.log.OLogManager log
INFO: $ANSI{green {db=graph-2.0.4}} 1 operations were processed, current LSN is LSN{segment=0, position=40327938} last LSN is LSN{segment=0, position=40327991}
Nov 17, 2017 4:22:28 PM com.orientechnologies.common.log.OLogManager log
WARNING: $ANSI{green {db=graph-2.0.4}} Record OFuzzyCheckpointStartRecord{lsn=LSN{segment=0, position=40327945}} com.orientechnologies.orient.core.storage.impl.local.paginated.wal.OFuzzyCheckpointStartRecord{lsn=null, previousCheckpoint=LSN{segment=0, position=40327898}} will be skipped during data restore
Nov 17, 2017 4:22:28 PM com.orientechnologies.common.log.OLogManager log
WARNING: $ANSI{green {db=graph-2.0.4}} Record com.orientechnologies.orient.core.storage.impl.local.paginated.wal.OFuzzyCheckpointEndRecord{lsn=LSN{segment=0, position=40327985}} will be skipped during data restore
Nov 17, 2017 4:22:28 PM com.orientechnologies.common.log.OLogManager log
INFO: $ANSI{green {db=graph-2.0.4}} Storage data recover was completed
